<?xml version="1.0" encoding="UTF-8"?>
<!-- Generated by org.testng.reporters.JUnitReportReporter -->
<testsuite hostname="DESKTOP-VMNLC6N" failures="0" tests="1" name="hccpkg.windowhandles" time="52.793" errors="0" timestamp="2023-08-04T15:54:28 PKT" skipped="0">
  <testcase classname="hccpkg.windowhandles" name="f" time="52.793"/>
</testsuite> <!-- hccpkg.windowhandles -->
