<?xml version="1.0" encoding="UTF-8"?>
<!-- Generated by org.testng.reporters.JUnitReportReporter -->
<testsuite hostname="DESKTOP-VMNLC6N" failures="0" tests="1" name="hccpkg.assign2" time="28.364" errors="0" timestamp="2023-09-03T17:11:08 PKT" skipped="0">
  <testcase classname="hccpkg.assign2" name="f" time="28.364"/>
</testsuite> <!-- hccpkg.assign2 -->
