<?xml version="1.0" encoding="UTF-8"?>
<!-- Generated by org.testng.reporters.JUnitReportReporter -->
<testsuite hostname="DESKTOP-VMNLC6N" failures="0" tests="1" name="assignment.orghrm" time="234.743" errors="0" timestamp="2023-08-17T16:08:03 PKT" skipped="0">
  <testcase classname="assignment.orghrm" name="f" time="234.743"/>
</testsuite> <!-- assignment.orghrm -->
