<?xml version="1.0" encoding="UTF-8"?>
<!-- Generated by org.testng.reporters.JUnitReportReporter -->
<testsuite hostname="DESKTOP-VMNLC6N" failures="0" tests="1" name="hccpkg.gettittle" time="97.400" errors="0" timestamp="2023-07-23T01:19:09 PKT" skipped="0">
  <testcase classname="hccpkg.gettittle" name="f" time="97.400"/>
</testsuite> <!-- hccpkg.gettittle -->
