<?xml version="1.0" encoding="UTF-8"?>
<!-- Generated by org.testng.reporters.JUnitReportReporter -->
<testsuite hostname="DESKTOP-VMNLC6N" failures="0" tests="1" name="finalpaper.orangehrmtest" time="46.975" errors="0" timestamp="2023-10-04T12:10:49 PKT" skipped="0">
  <testcase classname="finalpaper.orangehrmtest" name="f" time="46.975"/>
</testsuite> <!-- finalpaper.orangehrmtest -->
