<?xml version="1.0" encoding="UTF-8"?>
<!-- Generated by org.testng.reporters.JUnitReportReporter -->
<testsuite hostname="DESKTOP-VMNLC6N" failures="0" tests="1" name="hccpkg.alrthandling" time="21.566" errors="0" timestamp="2023-10-04T12:12:24 PKT" skipped="0">
  <testcase classname="hccpkg.alrthandling" name="f" time="21.566"/>
</testsuite> <!-- hccpkg.alrthandling -->
