<?xml version="1.0" encoding="UTF-8"?>
<!-- Generated by org.testng.reporters.JUnitReportReporter -->
<testsuite hostname="DESKTOP-VMNLC6N" failures="0" tests="1" name="finalpaper.searchbartest" time="29.999" errors="0" timestamp="2023-09-09T11:18:29 PKT" skipped="0">
  <testcase classname="finalpaper.searchbartest" name="f" time="29.999"/>
</testsuite> <!-- finalpaper.searchbartest -->
