<?xml version="1.0" encoding="UTF-8"?>
<!-- Generated by org.testng.reporters.JUnitReportReporter -->
<testsuite hostname="DESKTOP-VMNLC6N" failures="0" tests="1" name="finalpaper.formtesting" time="114.079" errors="0" timestamp="2023-09-09T12:04:22 PKT" skipped="0">
  <testcase classname="finalpaper.formtesting" name="f" time="114.079"/>
</testsuite> <!-- finalpaper.formtesting -->
