<?xml version="1.0" encoding="UTF-8"?>
<!-- Generated by org.testng.reporters.JUnitReportReporter -->
<testsuite hostname="DESKTOP-VMNLC6N" failures="0" tests="1" name="hccpkg.scrolltest" time="43.604" errors="0" timestamp="2023-07-23T02:37:43 PKT" skipped="0">
  <testcase classname="hccpkg.scrolltest" name="f" time="43.604"/>
</testsuite> <!-- hccpkg.scrolltest -->
