<?xml version="1.0" encoding="UTF-8"?>
<!-- Generated by org.testng.reporters.JUnitReportReporter -->
<testsuite hostname="DESKTOP-VMNLC6N" failures="0" tests="1" name="hccpkg.sauceweb" time="32.692" errors="0" timestamp="2023-09-03T19:08:23 PKT" skipped="0">
  <testcase classname="hccpkg.sauceweb" name="f" time="32.692"/>
</testsuite> <!-- hccpkg.sauceweb -->
